2019-02-21 14:00:41,214 INFO org.apache.hadoop.yarn.server.nodemanager.NodeManager: STARTUP_MSG: 
/************************************************************
STARTUP_MSG: Starting NodeManager
STARTUP_MSG:   user = anushamuppalla
STARTUP_MSG:   host = ANUSHAs-MacBook-Air.local/10.151.3.164
STARTUP_MSG:   args = []
STARTUP_MSG:   version = 2.8.1
STARTUP_MSG:   classpath = /Users/anushamuppalla/hadoop-2.8.1/etc/hadoop:/Users/anushamuppalla/hadoop-2.8.1/etc/hadoop:/Users/anushamuppalla/hadoop-2.8.1/etc/hadoop:/Users/anushamuppalla/hadoop-2.8.1/share/hadoop/common/lib/jaxb-impl-2.2.3-1.jar:/Users/anushamuppalla/hadoop-2.8.1/share/hadoop/common/lib/activation-1.1.jar:/Users/anushamuppalla/hadoop-2.8.1/share/hadoop/common/lib/commons-configuration-1.6.jar:/Users/anushamuppalla/hadoop-2.8.1/share/hadoop/common/lib/commons-beanutils-1.7.0.jar:/Users/anushamuppalla/hadoop-2.8.1/share/hadoop/common/lib/xz-1.0.jar:/Users/anushamuppalla/hadoop-2.8.1/share/hadoop/common/lib/junit-4.11.jar:/Users/anushamuppalla/hadoop-2.8.1/share/hadoop/common/lib/stax-api-1.0-2.jar:/Users/anushamuppalla/hadoop-2.8.1/share/hadoop/common/lib/apacheds-i18n-2.0.0-M15.jar:/Users/anushamuppalla/hadoop-2.8.1/share/hadoop/common/lib/jaxb-api-2.2.2.jar:/Users/anushamuppalla/hadoop-2.8.1/share/hadoop/common/lib/mockito-all-1.8.5.jar:/Users/anushamuppalla/hadoop-2.8.1/share/hadoop/common/lib/jackson-jaxrs-1.9.13.jar:/Users/anushamuppalla/hadoop-2.8.1/share/hadoop/common/lib/commons-logging-1.1.3.jar:/Users/anushamuppalla/hadoop-2.8.1/share/hadoop/common/lib/curator-recipes-2.7.1.jar:/Users/anushamuppalla/hadoop-2.8.1/share/hadoop/common/lib/jetty-sslengine-6.1.26.jar:/Users/anushamuppalla/hadoop-2.8.1/share/hadoop/common/lib/jersey-json-1.9.jar:/Users/anushamuppalla/hadoop-2.8.1/share/hadoop/common/lib/htrace-core4-4.0.1-incubating.jar:/Users/anushamuppalla/hadoop-2.8.1/share/hadoop/common/lib/avro-1.7.4.jar:/Users/anushamuppalla/hadoop-2.8.1/share/hadoop/common/lib/log4j-1.2.17.jar:/Users/anushamuppalla/hadoop-2.8.1/share/hadoop/common/lib/nimbus-jose-jwt-3.9.jar:/Users/anushamuppalla/hadoop-2.8.1/share/hadoop/common/lib/commons-cli-1.2.jar:/Users/anushamuppalla/hadoop-2.8.1/share/hadoop/common/lib/commons-digester-1.8.jar:/Users/anushamuppalla/hadoop-2.8.1/share/hadoop/common/lib/servlet-api-2.5.jar:/Users/anushamuppalla/hadoop-2.8.1/share/hadoop/common/lib/protobuf-java-2.5.0.jar:/Users/anushamuppalla/hadoop-2.8.1/share/hadoop/common/lib/xmlenc-0.52.jar:/Users/anushamuppalla/hadoop-2.8.1/share/hadoop/common/lib/jackson-xc-1.9.13.jar:/Users/anushamuppalla/hadoop-2.8.1/share/hadoop/common/lib/jetty-util-6.1.26.jar:/Users/anushamuppalla/hadoop-2.8.1/share/hadoop/common/lib/httpclient-4.5.2.jar:/Users/anushamuppalla/hadoop-2.8.1/share/hadoop/common/lib/guava-11.0.2.jar:/Users/anushamuppalla/hadoop-2.8.1/share/hadoop/common/lib/commons-compress-1.4.1.jar:/Users/anushamuppalla/hadoop-2.8.1/share/hadoop/common/lib/hadoop-annotations-2.8.1.jar:/Users/anushamuppalla/hadoop-2.8.1/share/hadoop/common/lib/commons-io-2.4.jar:/Users/anushamuppalla/hadoop-2.8.1/share/hadoop/common/lib/jackson-core-asl-1.9.13.jar:/Users/anushamuppalla/hadoop-2.8.1/share/hadoop/common/lib/jersey-core-1.9.jar:/Users/anushamuppalla/hadoop-2.8.1/share/hadoop/common/lib/jsp-api-2.1.jar:/Users/anushamuppalla/hadoop-2.8.1/share/hadoop/common/lib/commons-codec-1.4.jar:/Users/anushamuppalla/hadoop-2.8.1/share/hadoop/common/lib/netty-3.6.2.Final.jar:/Users/anushamuppalla/hadoop-2.8.1/share/hadoop/common/lib/jetty-6.1.26.jar:/Users/anushamuppalla/hadoop-2.8.1/share/hadoop/common/lib/commons-beanutils-core-1.8.0.jar:/Users/anushamuppalla/hadoop-2.8.1/share/hadoop/common/lib/jersey-server-1.9.jar:/Users/anushamuppalla/hadoop-2.8.1/share/hadoop/common/lib/java-xmlbuilder-0.4.jar:/Users/anushamuppalla/hadoop-2.8.1/share/hadoop/common/lib/paranamer-2.3.jar:/Users/anushamuppalla/hadoop-2.8.1/share/hadoop/common/lib/zookeeper-3.4.6.jar:/Users/anushamuppalla/hadoop-2.8.1/share/hadoop/common/lib/commons-collections-3.2.2.jar:/Users/anushamuppalla/hadoop-2.8.1/share/hadoop/common/lib/jettison-1.1.jar:/Users/anushamuppalla/hadoop-2.8.1/share/hadoop/common/lib/asm-3.2.jar:/Users/anushamuppalla/hadoop-2.8.1/share/hadoop/common/lib/api-asn1-api-1.0.0-M20.jar:/Users/anushamuppalla/hadoop-2.8.1/share/hadoop/common/lib/apacheds-kerberos-codec-2.0.0-M15.jar:/Users/anushamuppalla/hadoop-2.8.1/share/hadoop/common/lib/hamcrest-core-1.3.jar:/Users/anushamuppalla/hadoop-2.8.1/share/hadoop/common/lib/hadoop-auth-2.8.1.jar:/Users/anushamuppalla/hadoop-2.8.1/share/hadoop/common/lib/httpcore-4.4.4.jar:/Users/anushamuppalla/hadoop-2.8.1/share/hadoop/common/lib/api-util-1.0.0-M20.jar:/Users/anushamuppalla/hadoop-2.8.1/share/hadoop/common/lib/curator-framework-2.7.1.jar:/Users/anushamuppalla/hadoop-2.8.1/share/hadoop/common/lib/commons-net-3.1.jar:/Users/anushamuppalla/hadoop-2.8.1/share/hadoop/common/lib/gson-2.2.4.jar:/Users/anushamuppalla/hadoop-2.8.1/share/hadoop/common/lib/slf4j-log4j12-1.7.10.jar:/Users/anushamuppalla/hadoop-2.8.1/share/hadoop/common/lib/jets3t-0.9.0.jar:/Users/anushamuppalla/hadoop-2.8.1/share/hadoop/common/lib/commons-lang-2.6.jar:/Users/anushamuppalla/hadoop-2.8.1/share/hadoop/common/lib/json-smart-1.1.1.jar:/Users/anushamuppalla/hadoop-2.8.1/share/hadoop/common/lib/jcip-annotations-1.0.jar:/Users/anushamuppalla/hadoop-2.8.1/share/hadoop/common/lib/snappy-java-1.0.4.1.jar:/Users/anushamuppalla/hadoop-2.8.1/share/hadoop/common/lib/jackson-mapper-asl-1.9.13.jar:/Users/anushamuppalla/hadoop-2.8.1/share/hadoop/common/lib/commons-math3-3.1.1.jar:/Users/anushamuppalla/hadoop-2.8.1/share/hadoop/common/lib/jsch-0.1.51.jar:/Users/anushamuppalla/hadoop-2.8.1/share/hadoop/common/lib/jsr305-3.0.0.jar:/Users/anushamuppalla/hadoop-2.8.1/share/hadoop/common/lib/slf4j-api-1.7.10.jar:/Users/anushamuppalla/hadoop-2.8.1/share/hadoop/common/lib/curator-client-2.7.1.jar:/Users/anushamuppalla/hadoop-2.8.1/share/hadoop/common/hadoop-common-2.8.1.jar:/Users/anushamuppalla/hadoop-2.8.1/share/hadoop/common/hadoop-common-2.8.1-tests.jar:/Users/anushamuppalla/hadoop-2.8.1/share/hadoop/common/hadoop-nfs-2.8.1.jar:/Users/anushamuppalla/hadoop-2.8.1/share/hadoop/hdfs:/Users/anushamuppalla/hadoop-2.8.1/share/hadoop/hdfs/lib/xercesImpl-2.9.1.jar:/Users/anushamuppalla/hadoop-2.8.1/share/hadoop/hdfs/lib/commons-logging-1.1.3.jar:/Users/anushamuppalla/hadoop-2.8.1/share/hadoop/hdfs/lib/htrace-core4-4.0.1-incubating.jar:/Users/anushamuppalla/hadoop-2.8.1/share/hadoop/hdfs/lib/log4j-1.2.17.jar:/Users/anushamuppalla/hadoop-2.8.1/share/hadoop/hdfs/lib/commons-cli-1.2.jar:/Users/anushamuppalla/hadoop-2.8.1/share/hadoop/hdfs/lib/xml-apis-1.3.04.jar:/Users/anushamuppalla/hadoop-2.8.1/share/hadoop/hdfs/lib/servlet-api-2.5.jar:/Users/anushamuppalla/hadoop-2.8.1/share/hadoop/hdfs/lib/protobuf-java-2.5.0.jar:/Users/anushamuppalla/hadoop-2.8.1/share/hadoop/hdfs/lib/okio-1.4.0.jar:/Users/anushamuppalla/hadoop-2.8.1/share/hadoop/hdfs/lib/xmlenc-0.52.jar:/Users/anushamuppalla/hadoop-2.8.1/share/hadoop/hdfs/lib/jetty-util-6.1.26.jar:/Users/anushamuppalla/hadoop-2.8.1/share/hadoop/hdfs/lib/guava-11.0.2.jar:/Users/anushamuppalla/hadoop-2.8.1/share/hadoop/hdfs/lib/commons-io-2.4.jar:/Users/anushamuppalla/hadoop-2.8.1/share/hadoop/hdfs/lib/jackson-core-asl-1.9.13.jar:/Users/anushamuppalla/hadoop-2.8.1/share/hadoop/hdfs/lib/jersey-core-1.9.jar:/Users/anushamuppalla/hadoop-2.8.1/share/hadoop/hdfs/lib/commons-codec-1.4.jar:/Users/anushamuppalla/hadoop-2.8.1/share/hadoop/hdfs/lib/netty-3.6.2.Final.jar:/Users/anushamuppalla/hadoop-2.8.1/share/hadoop/hdfs/lib/jetty-6.1.26.jar:/Users/anushamuppalla/hadoop-2.8.1/share/hadoop/hdfs/lib/jersey-server-1.9.jar:/Users/anushamuppalla/hadoop-2.8.1/share/hadoop/hdfs/lib/asm-3.2.jar:/Users/anushamuppalla/hadoop-2.8.1/share/hadoop/hdfs/lib/commons-lang-2.6.jar:/Users/anushamuppalla/hadoop-2.8.1/share/hadoop/hdfs/lib/leveldbjni-all-1.8.jar:/Users/anushamuppalla/hadoop-2.8.1/share/hadoop/hdfs/lib/jackson-mapper-asl-1.9.13.jar:/Users/anushamuppalla/hadoop-2.8.1/share/hadoop/hdfs/lib/netty-all-4.0.23.Final.jar:/Users/anushamuppalla/hadoop-2.8.1/share/hadoop/hdfs/lib/commons-daemon-1.0.13.jar:/Users/anushamuppalla/hadoop-2.8.1/share/hadoop/hdfs/lib/okhttp-2.4.0.jar:/Users/anushamuppalla/hadoop-2.8.1/share/hadoop/hdfs/lib/jsr305-3.0.0.jar:/Users/anushamuppalla/hadoop-2.8.1/share/hadoop/hdfs/lib/hadoop-hdfs-client-2.8.1.jar:/Users/anushamuppalla/hadoop-2.8.1/share/hadoop/hdfs/hadoop-hdfs-nfs-2.8.1.jar:/Users/anushamuppalla/hadoop-2.8.1/share/hadoop/hdfs/hadoop-hdfs-2.8.1-tests.jar:/Users/anushamuppalla/hadoop-2.8.1/share/hadoop/hdfs/hadoop-hdfs-2.8.1.jar:/Users/anushamuppalla/hadoop-2.8.1/share/hadoop/hdfs/hadoop-hdfs-client-2.8.1-tests.jar:/Users/anushamuppalla/hadoop-2.8.1/share/hadoop/hdfs/hadoop-hdfs-native-client-2.8.1-tests.jar:/Users/anushamuppalla/hadoop-2.8.1/share/hadoop/hdfs/hadoop-hdfs-native-client-2.8.1.jar:/Users/anushamuppalla/hadoop-2.8.1/share/hadoop/hdfs/hadoop-hdfs-client-2.8.1.jar:/Users/anushamuppalla/hadoop-2.8.1/share/hadoop/yarn/lib/jaxb-impl-2.2.3-1.jar:/Users/anushamuppalla/hadoop-2.8.1/share/hadoop/yarn/lib/activation-1.1.jar:/Users/anushamuppalla/hadoop-2.8.1/share/hadoop/yarn/lib/zookeeper-3.4.6-tests.jar:/Users/anushamuppalla/hadoop-2.8.1/share/hadoop/yarn/lib/commons-math-2.2.jar:/Users/anushamuppalla/hadoop-2.8.1/share/hadoop/yarn/lib/aopalliance-1.0.jar:/Users/anushamuppalla/hadoop-2.8.1/share/hadoop/yarn/lib/guice-servlet-3.0.jar:/Users/anushamuppalla/hadoop-2.8.1/share/hadoop/yarn/lib/xz-1.0.jar:/Users/anushamuppalla/hadoop-2.8.1/share/hadoop/yarn/lib/stax-api-1.0-2.jar:/Users/anushamuppalla/hadoop-2.8.1/share/hadoop/yarn/lib/jaxb-api-2.2.2.jar:/Users/anushamuppalla/hadoop-2.8.1/share/hadoop/yarn/lib/jackson-jaxrs-1.9.13.jar:/Users/anushamuppalla/hadoop-2.8.1/share/hadoop/yarn/lib/commons-logging-1.1.3.jar:/Users/anushamuppalla/hadoop-2.8.1/share/hadoop/yarn/lib/fst-2.24.jar:/Users/anushamuppalla/hadoop-2.8.1/share/hadoop/yarn/lib/jersey-json-1.9.jar:/Users/anushamuppalla/hadoop-2.8.1/share/hadoop/yarn/lib/log4j-1.2.17.jar:/Users/anushamuppalla/hadoop-2.8.1/share/hadoop/yarn/lib/commons-cli-1.2.jar:/Users/anushamuppalla/hadoop-2.8.1/share/hadoop/yarn/lib/servlet-api-2.5.jar:/Users/anushamuppalla/hadoop-2.8.1/share/hadoop/yarn/lib/protobuf-java-2.5.0.jar:/Users/anushamuppalla/hadoop-2.8.1/share/hadoop/yarn/lib/javassist-3.18.1-GA.jar:/Users/anushamuppalla/hadoop-2.8.1/share/hadoop/yarn/lib/objenesis-2.1.jar:/Users/anushamuppalla/hadoop-2.8.1/share/hadoop/yarn/lib/jackson-xc-1.9.13.jar:/Users/anushamuppalla/hadoop-2.8.1/share/hadoop/yarn/lib/jetty-util-6.1.26.jar:/Users/anushamuppalla/hadoop-2.8.1/share/hadoop/yarn/lib/guava-11.0.2.jar:/Users/anushamuppalla/hadoop-2.8.1/share/hadoop/yarn/lib/commons-compress-1.4.1.jar:/Users/anushamuppalla/hadoop-2.8.1/share/hadoop/yarn/lib/commons-io-2.4.jar:/Users/anushamuppalla/hadoop-2.8.1/share/hadoop/yarn/lib/jackson-core-asl-1.9.13.jar:/Users/anushamuppalla/hadoop-2.8.1/share/hadoop/yarn/lib/jersey-core-1.9.jar:/Users/anushamuppalla/hadoop-2.8.1/share/hadoop/yarn/lib/commons-codec-1.4.jar:/Users/anushamuppalla/hadoop-2.8.1/share/hadoop/yarn/lib/netty-3.6.2.Final.jar:/Users/anushamuppalla/hadoop-2.8.1/share/hadoop/yarn/lib/jetty-6.1.26.jar:/Users/anushamuppalla/hadoop-2.8.1/share/hadoop/yarn/lib/jersey-server-1.9.jar:/Users/anushamuppalla/hadoop-2.8.1/share/hadoop/yarn/lib/guice-3.0.jar:/Users/anushamuppalla/hadoop-2.8.1/share/hadoop/yarn/lib/jersey-client-1.9.jar:/Users/anushamuppalla/hadoop-2.8.1/share/hadoop/yarn/lib/jersey-guice-1.9.jar:/Users/anushamuppalla/hadoop-2.8.1/share/hadoop/yarn/lib/zookeeper-3.4.6.jar:/Users/anushamuppalla/hadoop-2.8.1/share/hadoop/yarn/lib/commons-collections-3.2.2.jar:/Users/anushamuppalla/hadoop-2.8.1/share/hadoop/yarn/lib/jettison-1.1.jar:/Users/anushamuppalla/hadoop-2.8.1/share/hadoop/yarn/lib/asm-3.2.jar:/Users/anushamuppalla/hadoop-2.8.1/share/hadoop/yarn/lib/commons-lang-2.6.jar:/Users/anushamuppalla/hadoop-2.8.1/share/hadoop/yarn/lib/leveldbjni-all-1.8.jar:/Users/anushamuppalla/hadoop-2.8.1/share/hadoop/yarn/lib/jackson-mapper-asl-1.9.13.jar:/Users/anushamuppalla/hadoop-2.8.1/share/hadoop/yarn/lib/javax.inject-1.jar:/Users/anushamuppalla/hadoop-2.8.1/share/hadoop/yarn/lib/jsr305-3.0.0.jar:/Users/anushamuppalla/hadoop-2.8.1/share/hadoop/yarn/lib/curator-test-2.7.1.jar:/Users/anushamuppalla/hadoop-2.8.1/share/hadoop/yarn/lib/curator-client-2.7.1.jar:/Users/anushamuppalla/hadoop-2.8.1/share/hadoop/yarn/hadoop-yarn-server-tests-2.8.1.jar:/Users/anushamuppalla/hadoop-2.8.1/share/hadoop/yarn/hadoop-yarn-api-2.8.1.jar:/Users/anushamuppalla/hadoop-2.8.1/share/hadoop/yarn/hadoop-yarn-applications-distributedshell-2.8.1.jar:/Users/anushamuppalla/hadoop-2.8.1/share/hadoop/yarn/hadoop-yarn-server-timeline-pluginstorage-2.8.1.jar:/Users/anushamuppalla/hadoop-2.8.1/share/hadoop/yarn/hadoop-yarn-registry-2.8.1.jar:/Users/anushamuppalla/hadoop-2.8.1/share/hadoop/yarn/hadoop-yarn-server-sharedcachemanager-2.8.1.jar:/Users/anushamuppalla/hadoop-2.8.1/share/hadoop/yarn/hadoop-yarn-applications-unmanaged-am-launcher-2.8.1.jar:/Users/anushamuppalla/hadoop-2.8.1/share/hadoop/yarn/hadoop-yarn-server-applicationhistoryservice-2.8.1.jar:/Users/anushamuppalla/hadoop-2.8.1/share/hadoop/yarn/hadoop-yarn-server-common-2.8.1.jar:/Users/anushamuppalla/hadoop-2.8.1/share/hadoop/yarn/hadoop-yarn-server-resourcemanager-2.8.1.jar:/Users/anushamuppalla/hadoop-2.8.1/share/hadoop/yarn/hadoop-yarn-client-2.8.1.jar:/Users/anushamuppalla/hadoop-2.8.1/share/hadoop/yarn/hadoop-yarn-common-2.8.1.jar:/Users/anushamuppalla/hadoop-2.8.1/share/hadoop/yarn/hadoop-yarn-server-nodemanager-2.8.1.jar:/Users/anushamuppalla/hadoop-2.8.1/share/hadoop/yarn/hadoop-yarn-server-web-proxy-2.8.1.jar:/Users/anushamuppalla/hadoop-2.8.1/share/hadoop/mapreduce/lib/aopalliance-1.0.jar:/Users/anushamuppalla/hadoop-2.8.1/share/hadoop/mapreduce/lib/guice-servlet-3.0.jar:/Users/anushamuppalla/hadoop-2.8.1/share/hadoop/mapreduce/lib/xz-1.0.jar:/Users/anushamuppalla/hadoop-2.8.1/share/hadoop/mapreduce/lib/junit-4.11.jar:/Users/anushamuppalla/hadoop-2.8.1/share/hadoop/mapreduce/lib/avro-1.7.4.jar:/Users/anushamuppalla/hadoop-2.8.1/share/hadoop/mapreduce/lib/log4j-1.2.17.jar:/Users/anushamuppalla/hadoop-2.8.1/share/hadoop/mapreduce/lib/protobuf-java-2.5.0.jar:/Users/anushamuppalla/hadoop-2.8.1/share/hadoop/mapreduce/lib/commons-compress-1.4.1.jar:/Users/anushamuppalla/hadoop-2.8.1/share/hadoop/mapreduce/lib/hadoop-annotations-2.8.1.jar:/Users/anushamuppalla/hadoop-2.8.1/share/hadoop/mapreduce/lib/commons-io-2.4.jar:/Users/anushamuppalla/hadoop-2.8.1/share/hadoop/mapreduce/lib/jackson-core-asl-1.9.13.jar:/Users/anushamuppalla/hadoop-2.8.1/share/hadoop/mapreduce/lib/jersey-core-1.9.jar:/Users/anushamuppalla/hadoop-2.8.1/share/hadoop/mapreduce/lib/netty-3.6.2.Final.jar:/Users/anushamuppalla/hadoop-2.8.1/share/hadoop/mapreduce/lib/jersey-server-1.9.jar:/Users/anushamuppalla/hadoop-2.8.1/share/hadoop/mapreduce/lib/guice-3.0.jar:/Users/anushamuppalla/hadoop-2.8.1/share/hadoop/mapreduce/lib/jersey-guice-1.9.jar:/Users/anushamuppalla/hadoop-2.8.1/share/hadoop/mapreduce/lib/paranamer-2.3.jar:/Users/anushamuppalla/hadoop-2.8.1/share/hadoop/mapreduce/lib/asm-3.2.jar:/Users/anushamuppalla/hadoop-2.8.1/share/hadoop/mapreduce/lib/hamcrest-core-1.3.jar:/Users/anushamuppalla/hadoop-2.8.1/share/hadoop/mapreduce/lib/leveldbjni-all-1.8.jar:/Users/anushamuppalla/hadoop-2.8.1/share/hadoop/mapreduce/lib/snappy-java-1.0.4.1.jar:/Users/anushamuppalla/hadoop-2.8.1/share/hadoop/mapreduce/lib/jackson-mapper-asl-1.9.13.jar:/Users/anushamuppalla/hadoop-2.8.1/share/hadoop/mapreduce/lib/javax.inject-1.jar:/Users/anushamuppalla/hadoop-2.8.1/share/hadoop/mapreduce/hadoop-mapreduce-client-hs-2.8.1.jar:/Users/anushamuppalla/hadoop-2.8.1/share/hadoop/mapreduce/hadoop-mapreduce-client-core-2.8.1.jar:/Users/anushamuppalla/hadoop-2.8.1/share/hadoop/mapreduce/hadoop-mapreduce-examples-2.8.1.jar:/Users/anushamuppalla/hadoop-2.8.1/share/hadoop/mapreduce/hadoop-mapreduce-client-app-2.8.1.jar:/Users/anushamuppalla/hadoop-2.8.1/share/hadoop/mapreduce/hadoop-mapreduce-client-hs-plugins-2.8.1.jar:/Users/anushamuppalla/hadoop-2.8.1/share/hadoop/mapreduce/hadoop-mapreduce-client-jobclient-2.8.1.jar:/Users/anushamuppalla/hadoop-2.8.1/share/hadoop/mapreduce/hadoop-mapreduce-client-shuffle-2.8.1.jar:/Users/anushamuppalla/hadoop-2.8.1/share/hadoop/mapreduce/hadoop-mapreduce-client-common-2.8.1.jar:/Users/anushamuppalla/hadoop-2.8.1/share/hadoop/mapreduce/hadoop-mapreduce-client-jobclient-2.8.1-tests.jar:/contrib/capacity-scheduler/*.jar:/contrib/capacity-scheduler/*.jar:/Users/anushamuppalla/hadoop-2.8.1/share/hadoop/yarn/hadoop-yarn-server-tests-2.8.1.jar:/Users/anushamuppalla/hadoop-2.8.1/share/hadoop/yarn/hadoop-yarn-api-2.8.1.jar:/Users/anushamuppalla/hadoop-2.8.1/share/hadoop/yarn/hadoop-yarn-applications-distributedshell-2.8.1.jar:/Users/anushamuppalla/hadoop-2.8.1/share/hadoop/yarn/hadoop-yarn-server-timeline-pluginstorage-2.8.1.jar:/Users/anushamuppalla/hadoop-2.8.1/share/hadoop/yarn/hadoop-yarn-registry-2.8.1.jar:/Users/anushamuppalla/hadoop-2.8.1/share/hadoop/yarn/hadoop-yarn-server-sharedcachemanager-2.8.1.jar:/Users/anushamuppalla/hadoop-2.8.1/share/hadoop/yarn/hadoop-yarn-applications-unmanaged-am-launcher-2.8.1.jar:/Users/anushamuppalla/hadoop-2.8.1/share/hadoop/yarn/hadoop-yarn-server-applicationhistoryservice-2.8.1.jar:/Users/anushamuppalla/hadoop-2.8.1/share/hadoop/yarn/hadoop-yarn-server-common-2.8.1.jar:/Users/anushamuppalla/hadoop-2.8.1/share/hadoop/yarn/hadoop-yarn-server-resourcemanager-2.8.1.jar:/Users/anushamuppalla/hadoop-2.8.1/share/hadoop/yarn/hadoop-yarn-client-2.8.1.jar:/Users/anushamuppalla/hadoop-2.8.1/share/hadoop/yarn/hadoop-yarn-common-2.8.1.jar:/Users/anushamuppalla/hadoop-2.8.1/share/hadoop/yarn/hadoop-yarn-server-nodemanager-2.8.1.jar:/Users/anushamuppalla/hadoop-2.8.1/share/hadoop/yarn/hadoop-yarn-server-web-proxy-2.8.1.jar:/Users/anushamuppalla/hadoop-2.8.1/share/hadoop/yarn/lib/jaxb-impl-2.2.3-1.jar:/Users/anushamuppalla/hadoop-2.8.1/share/hadoop/yarn/lib/activation-1.1.jar:/Users/anushamuppalla/hadoop-2.8.1/share/hadoop/yarn/lib/zookeeper-3.4.6-tests.jar:/Users/anushamuppalla/hadoop-2.8.1/share/hadoop/yarn/lib/commons-math-2.2.jar:/Users/anushamuppalla/hadoop-2.8.1/share/hadoop/yarn/lib/aopalliance-1.0.jar:/Users/anushamuppalla/hadoop-2.8.1/share/hadoop/yarn/lib/guice-servlet-3.0.jar:/Users/anushamuppalla/hadoop-2.8.1/share/hadoop/yarn/lib/xz-1.0.jar:/Users/anushamuppalla/hadoop-2.8.1/share/hadoop/yarn/lib/stax-api-1.0-2.jar:/Users/anushamuppalla/hadoop-2.8.1/share/hadoop/yarn/lib/jaxb-api-2.2.2.jar:/Users/anushamuppalla/hadoop-2.8.1/share/hadoop/yarn/lib/jackson-jaxrs-1.9.13.jar:/Users/anushamuppalla/hadoop-2.8.1/share/hadoop/yarn/lib/commons-logging-1.1.3.jar:/Users/anushamuppalla/hadoop-2.8.1/share/hadoop/yarn/lib/fst-2.24.jar:/Users/anushamuppalla/hadoop-2.8.1/share/hadoop/yarn/lib/jersey-json-1.9.jar:/Users/anushamuppalla/hadoop-2.8.1/share/hadoop/yarn/lib/log4j-1.2.17.jar:/Users/anushamuppalla/hadoop-2.8.1/share/hadoop/yarn/lib/commons-cli-1.2.jar:/Users/anushamuppalla/hadoop-2.8.1/share/hadoop/yarn/lib/servlet-api-2.5.jar:/Users/anushamuppalla/hadoop-2.8.1/share/hadoop/yarn/lib/protobuf-java-2.5.0.jar:/Users/anushamuppalla/hadoop-2.8.1/share/hadoop/yarn/lib/javassist-3.18.1-GA.jar:/Users/anushamuppalla/hadoop-2.8.1/share/hadoop/yarn/lib/objenesis-2.1.jar:/Users/anushamuppalla/hadoop-2.8.1/share/hadoop/yarn/lib/jackson-xc-1.9.13.jar:/Users/anushamuppalla/hadoop-2.8.1/share/hadoop/yarn/lib/jetty-util-6.1.26.jar:/Users/anushamuppalla/hadoop-2.8.1/share/hadoop/yarn/lib/guava-11.0.2.jar:/Users/anushamuppalla/hadoop-2.8.1/share/hadoop/yarn/lib/commons-compress-1.4.1.jar:/Users/anushamuppalla/hadoop-2.8.1/share/hadoop/yarn/lib/commons-io-2.4.jar:/Users/anushamuppalla/hadoop-2.8.1/share/hadoop/yarn/lib/jackson-core-asl-1.9.13.jar:/Users/anushamuppalla/hadoop-2.8.1/share/hadoop/yarn/lib/jersey-core-1.9.jar:/Users/anushamuppalla/hadoop-2.8.1/share/hadoop/yarn/lib/commons-codec-1.4.jar:/Users/anushamuppalla/hadoop-2.8.1/share/hadoop/yarn/lib/netty-3.6.2.Final.jar:/Users/anushamuppalla/hadoop-2.8.1/share/hadoop/yarn/lib/jetty-6.1.26.jar:/Users/anushamuppalla/hadoop-2.8.1/share/hadoop/yarn/lib/jersey-server-1.9.jar:/Users/anushamuppalla/hadoop-2.8.1/share/hadoop/yarn/lib/guice-3.0.jar:/Users/anushamuppalla/hadoop-2.8.1/share/hadoop/yarn/lib/jersey-client-1.9.jar:/Users/anushamuppalla/hadoop-2.8.1/share/hadoop/yarn/lib/jersey-guice-1.9.jar:/Users/anushamuppalla/hadoop-2.8.1/share/hadoop/yarn/lib/zookeeper-3.4.6.jar:/Users/anushamuppalla/hadoop-2.8.1/share/hadoop/yarn/lib/commons-collections-3.2.2.jar:/Users/anushamuppalla/hadoop-2.8.1/share/hadoop/yarn/lib/jettison-1.1.jar:/Users/anushamuppalla/hadoop-2.8.1/share/hadoop/yarn/lib/asm-3.2.jar:/Users/anushamuppalla/hadoop-2.8.1/share/hadoop/yarn/lib/commons-lang-2.6.jar:/Users/anushamuppalla/hadoop-2.8.1/share/hadoop/yarn/lib/leveldbjni-all-1.8.jar:/Users/anushamuppalla/hadoop-2.8.1/share/hadoop/yarn/lib/jackson-mapper-asl-1.9.13.jar:/Users/anushamuppalla/hadoop-2.8.1/share/hadoop/yarn/lib/javax.inject-1.jar:/Users/anushamuppalla/hadoop-2.8.1/share/hadoop/yarn/lib/jsr305-3.0.0.jar:/Users/anushamuppalla/hadoop-2.8.1/share/hadoop/yarn/lib/curator-test-2.7.1.jar:/Users/anushamuppalla/hadoop-2.8.1/share/hadoop/yarn/lib/curator-client-2.7.1.jar:/Users/anushamuppalla/hadoop-2.8.1/etc/hadoop/nm-config/log4j.properties
STARTUP_MSG:   build = https://git-wip-us.apache.org/repos/asf/hadoop.git -r 20fe5304904fc2f5a18053c389e43cd26f7a70fe; compiled by 'vinodkv' on 2017-06-02T06:14Z
STARTUP_MSG:   java = 11.0.2
************************************************************/
2019-02-21 14:00:41,223 INFO org.apache.hadoop.yarn.server.nodemanager.NodeManager: registered UNIX signal handlers for [TERM, HUP, INT]
2019-02-21 14:00:41,740 WARN org.apache.hadoop.util.NativeCodeLoader: Unable to load native-hadoop library for your platform... using builtin-java classes where applicable
2019-02-21 14:00:42,163 INFO org.apache.hadoop.yarn.server.nodemanager.NodeManager: Node Manager health check script is not available or doesn't have execute permission, so not starting the node health script runner.
2019-02-21 14:00:42,237 INFO org.apache.hadoop.yarn.event.AsyncDispatcher: Registering class org.apache.hadoop.yarn.server.nodemanager.containermanager.container.ContainerEventType for class org.apache.hadoop.yarn.server.nodemanager.containermanager.ContainerManagerImpl$ContainerEventDispatcher
2019-02-21 14:00:42,238 INFO org.apache.hadoop.yarn.event.AsyncDispatcher: Registering class org.apache.hadoop.yarn.server.nodemanager.containermanager.application.ApplicationEventType for class org.apache.hadoop.yarn.server.nodemanager.containermanager.ContainerManagerImpl$ApplicationEventDispatcher
2019-02-21 14:00:42,239 INFO org.apache.hadoop.yarn.event.AsyncDispatcher: Registering class org.apache.hadoop.yarn.server.nodemanager.containermanager.localizer.event.LocalizationEventType for class org.apache.hadoop.yarn.server.nodemanager.containermanager.localizer.ResourceLocalizationService
2019-02-21 14:00:42,240 INFO org.apache.hadoop.yarn.event.AsyncDispatcher: Registering class org.apache.hadoop.yarn.server.nodemanager.containermanager.AuxServicesEventType for class org.apache.hadoop.yarn.server.nodemanager.containermanager.AuxServices
2019-02-21 14:00:42,240 INFO org.apache.hadoop.yarn.event.AsyncDispatcher: Registering class org.apache.hadoop.yarn.server.nodemanager.containermanager.monitor.ContainersMonitorEventType for class org.apache.hadoop.yarn.server.nodemanager.containermanager.monitor.ContainersMonitorImpl
2019-02-21 14:00:42,241 INFO org.apache.hadoop.yarn.event.AsyncDispatcher: Registering class org.apache.hadoop.yarn.server.nodemanager.containermanager.launcher.ContainersLauncherEventType for class org.apache.hadoop.yarn.server.nodemanager.containermanager.launcher.ContainersLauncher
2019-02-21 14:00:42,260 INFO org.apache.hadoop.yarn.event.AsyncDispatcher: Registering class org.apache.hadoop.yarn.server.nodemanager.ContainerManagerEventType for class org.apache.hadoop.yarn.server.nodemanager.containermanager.ContainerManagerImpl
2019-02-21 14:00:42,260 INFO org.apache.hadoop.yarn.event.AsyncDispatcher: Registering class org.apache.hadoop.yarn.server.nodemanager.NodeManagerEventType for class org.apache.hadoop.yarn.server.nodemanager.NodeManager
2019-02-21 14:00:42,299 INFO org.apache.hadoop.metrics2.impl.MetricsConfig: loaded properties from hadoop-metrics2.properties
2019-02-21 14:00:42,394 INFO org.apache.hadoop.metrics2.impl.MetricsSystemImpl: Scheduled Metric snapshot period at 10 second(s).
2019-02-21 14:00:42,394 INFO org.apache.hadoop.metrics2.impl.MetricsSystemImpl: NodeManager metrics system started
2019-02-21 14:00:42,434 WARN org.apache.hadoop.yarn.util.ResourceCalculatorPlugin: java.lang.UnsupportedOperationException: Could not determine OS: Failed to instantiate default resource calculator.
java.lang.UnsupportedOperationException: Could not determine OS
	at org.apache.hadoop.util.SysInfo.newInstance(SysInfo.java:43)
	at org.apache.hadoop.yarn.util.ResourceCalculatorPlugin.<init>(ResourceCalculatorPlugin.java:41)
	at org.apache.hadoop.yarn.util.ResourceCalculatorPlugin.getResourceCalculatorPlugin(ResourceCalculatorPlugin.java:191)
	at org.apache.hadoop.yarn.server.nodemanager.NodeResourceMonitorImpl.serviceInit(NodeResourceMonitorImpl.java:73)
	at org.apache.hadoop.service.AbstractService.init(AbstractService.java:163)
	at org.apache.hadoop.service.CompositeService.serviceInit(CompositeService.java:107)
	at org.apache.hadoop.yarn.server.nodemanager.NodeManager.serviceInit(NodeManager.java:357)
	at org.apache.hadoop.service.AbstractService.init(AbstractService.java:163)
	at org.apache.hadoop.yarn.server.nodemanager.NodeManager.initAndStartNodeManager(NodeManager.java:636)
	at org.apache.hadoop.yarn.server.nodemanager.NodeManager.main(NodeManager.java:684)
2019-02-21 14:00:42,435 INFO org.apache.hadoop.yarn.server.nodemanager.NodeResourceMonitorImpl:  Using ResourceCalculatorPlugin : null
2019-02-21 14:00:42,437 INFO org.apache.hadoop.yarn.event.AsyncDispatcher: Registering class org.apache.hadoop.yarn.server.nodemanager.containermanager.loghandler.event.LogHandlerEventType for class org.apache.hadoop.yarn.server.nodemanager.containermanager.loghandler.NonAggregatingLogHandler
2019-02-21 14:00:42,438 INFO org.apache.hadoop.yarn.event.AsyncDispatcher: Registering class org.apache.hadoop.yarn.server.nodemanager.containermanager.localizer.sharedcache.SharedCacheUploadEventType for class org.apache.hadoop.yarn.server.nodemanager.containermanager.localizer.sharedcache.SharedCacheUploadService
2019-02-21 14:00:42,438 INFO org.apache.hadoop.yarn.server.nodemanager.containermanager.ContainerManagerImpl: AMRMProxyService is disabled
2019-02-21 14:00:42,439 INFO org.apache.hadoop.yarn.server.nodemanager.containermanager.localizer.ResourceLocalizationService: per directory file limit = 8192
2019-02-21 14:00:42,520 INFO org.apache.hadoop.yarn.server.nodemanager.containermanager.localizer.ResourceLocalizationService: usercache path : file:/tmp/hadoop-anushamuppalla/nm-local-dir/usercache_DEL_1550779242442
2019-02-21 14:00:42,576 INFO org.apache.hadoop.yarn.event.AsyncDispatcher: Registering class org.apache.hadoop.yarn.server.nodemanager.containermanager.localizer.event.LocalizerEventType for class org.apache.hadoop.yarn.server.nodemanager.containermanager.localizer.ResourceLocalizationService$LocalizerTracker
2019-02-21 14:00:42,577 WARN org.apache.hadoop.yarn.util.ResourceCalculatorPlugin: java.lang.UnsupportedOperationException: Could not determine OS: Failed to instantiate default resource calculator.
java.lang.UnsupportedOperationException: Could not determine OS
	at org.apache.hadoop.util.SysInfo.newInstance(SysInfo.java:43)
	at org.apache.hadoop.yarn.util.ResourceCalculatorPlugin.<init>(ResourceCalculatorPlugin.java:41)
	at org.apache.hadoop.yarn.util.ResourceCalculatorPlugin.getResourceCalculatorPlugin(ResourceCalculatorPlugin.java:191)
	at org.apache.hadoop.yarn.server.nodemanager.containermanager.monitor.ContainersMonitorImpl.serviceInit(ContainersMonitorImpl.java:114)
	at org.apache.hadoop.service.AbstractService.init(AbstractService.java:163)
	at org.apache.hadoop.service.CompositeService.serviceInit(CompositeService.java:107)
	at org.apache.hadoop.yarn.server.nodemanager.containermanager.ContainerManagerImpl.serviceInit(ContainerManagerImpl.java:262)
	at org.apache.hadoop.service.AbstractService.init(AbstractService.java:163)
	at org.apache.hadoop.service.CompositeService.serviceInit(CompositeService.java:107)
	at org.apache.hadoop.yarn.server.nodemanager.NodeManager.serviceInit(NodeManager.java:357)
	at org.apache.hadoop.service.AbstractService.init(AbstractService.java:163)
	at org.apache.hadoop.yarn.server.nodemanager.NodeManager.initAndStartNodeManager(NodeManager.java:636)
	at org.apache.hadoop.yarn.server.nodemanager.NodeManager.main(NodeManager.java:684)
2019-02-21 14:00:42,578 INFO org.apache.hadoop.yarn.server.nodemanager.containermanager.monitor.ContainersMonitorImpl:  Using ResourceCalculatorPlugin : null
2019-02-21 14:00:42,578 INFO org.apache.hadoop.yarn.server.nodemanager.containermanager.monitor.ContainersMonitorImpl:  Using ResourceCalculatorProcessTree : null
2019-02-21 14:00:42,579 WARN org.apache.hadoop.yarn.util.ResourceCalculatorPlugin: java.lang.UnsupportedOperationException: Could not determine OS: Failed to instantiate default resource calculator.
java.lang.UnsupportedOperationException: Could not determine OS
	at org.apache.hadoop.util.SysInfo.newInstance(SysInfo.java:43)
	at org.apache.hadoop.yarn.util.ResourceCalculatorPlugin.<init>(ResourceCalculatorPlugin.java:41)
	at org.apache.hadoop.yarn.util.ResourceCalculatorPlugin.getResourceCalculatorPlugin(ResourceCalculatorPlugin.java:191)
	at org.apache.hadoop.yarn.server.nodemanager.util.NodeManagerHardwareUtils.getContainerMemoryMB(NodeManagerHardwareUtils.java:247)
	at org.apache.hadoop.yarn.server.nodemanager.containermanager.monitor.ContainersMonitorImpl.serviceInit(ContainersMonitorImpl.java:134)
	at org.apache.hadoop.service.AbstractService.init(AbstractService.java:163)
	at org.apache.hadoop.service.CompositeService.serviceInit(CompositeService.java:107)
	at org.apache.hadoop.yarn.server.nodemanager.containermanager.ContainerManagerImpl.serviceInit(ContainerManagerImpl.java:262)
	at org.apache.hadoop.service.AbstractService.init(AbstractService.java:163)
	at org.apache.hadoop.service.CompositeService.serviceInit(CompositeService.java:107)
	at org.apache.hadoop.yarn.server.nodemanager.NodeManager.serviceInit(NodeManager.java:357)
	at org.apache.hadoop.service.AbstractService.init(AbstractService.java:163)
	at org.apache.hadoop.yarn.server.nodemanager.NodeManager.initAndStartNodeManager(NodeManager.java:636)
	at org.apache.hadoop.yarn.server.nodemanager.NodeManager.main(NodeManager.java:684)
2019-02-21 14:00:42,579 WARN org.apache.hadoop.yarn.util.ResourceCalculatorPlugin: java.lang.UnsupportedOperationException: Could not determine OS: Failed to instantiate default resource calculator.
java.lang.UnsupportedOperationException: Could not determine OS
	at org.apache.hadoop.util.SysInfo.newInstance(SysInfo.java:43)
	at org.apache.hadoop.yarn.util.ResourceCalculatorPlugin.<init>(ResourceCalculatorPlugin.java:41)
	at org.apache.hadoop.yarn.util.ResourceCalculatorPlugin.getResourceCalculatorPlugin(ResourceCalculatorPlugin.java:191)
	at org.apache.hadoop.yarn.server.nodemanager.util.NodeManagerHardwareUtils.getVCores(NodeManagerHardwareUtils.java:158)
	at org.apache.hadoop.yarn.server.nodemanager.containermanager.monitor.ContainersMonitorImpl.serviceInit(ContainersMonitorImpl.java:137)
	at org.apache.hadoop.service.AbstractService.init(AbstractService.java:163)
	at org.apache.hadoop.service.CompositeService.serviceInit(CompositeService.java:107)
	at org.apache.hadoop.yarn.server.nodemanager.containermanager.ContainerManagerImpl.serviceInit(ContainerManagerImpl.java:262)
	at org.apache.hadoop.service.AbstractService.init(AbstractService.java:163)
	at org.apache.hadoop.service.CompositeService.serviceInit(CompositeService.java:107)
	at org.apache.hadoop.yarn.server.nodemanager.NodeManager.serviceInit(NodeManager.java:357)
	at org.apache.hadoop.service.AbstractService.init(AbstractService.java:163)
	at org.apache.hadoop.yarn.server.nodemanager.NodeManager.initAndStartNodeManager(NodeManager.java:636)
	at org.apache.hadoop.yarn.server.nodemanager.NodeManager.main(NodeManager.java:684)
2019-02-21 14:00:42,580 INFO org.apache.hadoop.yarn.server.nodemanager.containermanager.monitor.ContainersMonitorImpl: Physical memory check enabled: true
2019-02-21 14:00:42,580 INFO org.apache.hadoop.yarn.server.nodemanager.containermanager.monitor.ContainersMonitorImpl: Virtual memory check enabled: true
2019-02-21 14:00:42,580 INFO org.apache.hadoop.yarn.server.nodemanager.containermanager.monitor.ContainersMonitorImpl: ResourceCalculatorPlugin is unavailable on this system. org.apache.hadoop.yarn.server.nodemanager.containermanager.monitor.ContainersMonitorImpl is disabled.
2019-02-21 14:00:42,580 INFO org.apache.hadoop.yarn.server.nodemanager.containermanager.monitor.ContainersMonitorImpl: ContainersMonitor enabled: false
2019-02-21 14:00:42,580 WARN org.apache.hadoop.yarn.util.ResourceCalculatorPlugin: java.lang.UnsupportedOperationException: Could not determine OS: Failed to instantiate default resource calculator.
java.lang.UnsupportedOperationException: Could not determine OS
	at org.apache.hadoop.util.SysInfo.newInstance(SysInfo.java:43)
	at org.apache.hadoop.yarn.util.ResourceCalculatorPlugin.<init>(ResourceCalculatorPlugin.java:41)
	at org.apache.hadoop.yarn.util.ResourceCalculatorPlugin.getResourceCalculatorPlugin(ResourceCalculatorPlugin.java:191)
	at org.apache.hadoop.yarn.server.nodemanager.util.NodeManagerHardwareUtils.getContainerMemoryMB(NodeManagerHardwareUtils.java:247)
	at org.apache.hadoop.yarn.server.nodemanager.NodeStatusUpdaterImpl.serviceInit(NodeStatusUpdaterImpl.java:170)
	at org.apache.hadoop.service.AbstractService.init(AbstractService.java:163)
	at org.apache.hadoop.service.CompositeService.serviceInit(CompositeService.java:107)
	at org.apache.hadoop.yarn.server.nodemanager.NodeManager.serviceInit(NodeManager.java:357)
	at org.apache.hadoop.service.AbstractService.init(AbstractService.java:163)
	at org.apache.hadoop.yarn.server.nodemanager.NodeManager.initAndStartNodeManager(NodeManager.java:636)
	at org.apache.hadoop.yarn.server.nodemanager.NodeManager.main(NodeManager.java:684)
2019-02-21 14:00:42,581 WARN org.apache.hadoop.yarn.util.ResourceCalculatorPlugin: java.lang.UnsupportedOperationException: Could not determine OS: Failed to instantiate default resource calculator.
java.lang.UnsupportedOperationException: Could not determine OS
	at org.apache.hadoop.util.SysInfo.newInstance(SysInfo.java:43)
	at org.apache.hadoop.yarn.util.ResourceCalculatorPlugin.<init>(ResourceCalculatorPlugin.java:41)
	at org.apache.hadoop.yarn.util.ResourceCalculatorPlugin.getResourceCalculatorPlugin(ResourceCalculatorPlugin.java:191)
	at org.apache.hadoop.yarn.server.nodemanager.util.NodeManagerHardwareUtils.getVCores(NodeManagerHardwareUtils.java:158)
	at org.apache.hadoop.yarn.server.nodemanager.NodeStatusUpdaterImpl.serviceInit(NodeStatusUpdaterImpl.java:177)
	at org.apache.hadoop.service.AbstractService.init(AbstractService.java:163)
	at org.apache.hadoop.service.CompositeService.serviceInit(CompositeService.java:107)
	at org.apache.hadoop.yarn.server.nodemanager.NodeManager.serviceInit(NodeManager.java:357)
	at org.apache.hadoop.service.AbstractService.init(AbstractService.java:163)
	at org.apache.hadoop.yarn.server.nodemanager.NodeManager.initAndStartNodeManager(NodeManager.java:636)
	at org.apache.hadoop.yarn.server.nodemanager.NodeManager.main(NodeManager.java:684)
2019-02-21 14:00:42,581 INFO org.apache.hadoop.yarn.server.nodemanager.NodeStatusUpdaterImpl: Nodemanager resources: memory set to 8192MB.
2019-02-21 14:00:42,581 INFO org.apache.hadoop.yarn.server.nodemanager.NodeStatusUpdaterImpl: Nodemanager resources: vcores set to 8.
2019-02-21 14:00:42,585 INFO org.apache.hadoop.yarn.server.nodemanager.NodeStatusUpdaterImpl: Initialized nodemanager with : physical-memory=8192 virtual-memory=17204 virtual-cores=8
2019-02-21 14:00:42,587 INFO org.apache.hadoop.yarn.server.nodemanager.NodeResourceMonitorImpl: ResourceCalculatorPlugin is unavailable on this system. org.apache.hadoop.yarn.server.nodemanager.NodeResourceMonitorImpl is disabled.
2019-02-21 14:00:42,589 INFO org.apache.hadoop.util.JvmPauseMonitor: Starting JVM pause monitor
2019-02-21 14:00:42,622 INFO org.apache.hadoop.ipc.CallQueueManager: Using callQueue: class java.util.concurrent.LinkedBlockingQueue queueCapacity: 2000 scheduler: class org.apache.hadoop.ipc.DefaultRpcScheduler
2019-02-21 14:00:42,656 INFO org.apache.hadoop.ipc.Server: Starting Socket Reader #1 for port 55402
2019-02-21 14:00:42,834 INFO org.apache.hadoop.yarn.factories.impl.pb.RpcServerFactoryPBImpl: Adding protocol org.apache.hadoop.yarn.api.ContainerManagementProtocolPB to the server
2019-02-21 14:00:42,834 INFO org.apache.hadoop.yarn.server.nodemanager.containermanager.ContainerManagerImpl: Blocking new container-requests as container manager rpc server is still starting.
2019-02-21 14:00:42,835 INFO org.apache.hadoop.ipc.Server: IPC Server Responder: starting
2019-02-21 14:00:42,835 INFO org.apache.hadoop.ipc.Server: IPC Server listener on 55402: starting
2019-02-21 14:00:42,843 INFO org.apache.hadoop.yarn.server.nodemanager.security.NMContainerTokenSecretManager: Updating node address : 10.151.3.164:55402
2019-02-21 14:00:42,851 INFO org.apache.hadoop.ipc.CallQueueManager: Using callQueue: class java.util.concurrent.LinkedBlockingQueue queueCapacity: 500 scheduler: class org.apache.hadoop.ipc.DefaultRpcScheduler
2019-02-21 14:00:42,852 INFO org.apache.hadoop.ipc.Server: Starting Socket Reader #1 for port 8040
2019-02-21 14:00:42,859 INFO org.apache.hadoop.yarn.factories.impl.pb.RpcServerFactoryPBImpl: Adding protocol org.apache.hadoop.yarn.server.nodemanager.api.LocalizationProtocolPB to the server
2019-02-21 14:00:42,860 INFO org.apache.hadoop.ipc.Server: IPC Server Responder: starting
2019-02-21 14:00:42,860 INFO org.apache.hadoop.ipc.Server: IPC Server listener on 8040: starting
2019-02-21 14:00:42,862 INFO org.apache.hadoop.yarn.server.nodemanager.containermanager.localizer.ResourceLocalizationService: Localizer started on port 8040
2019-02-21 14:00:42,891 INFO org.apache.hadoop.yarn.server.nodemanager.containermanager.ContainerManagerImpl: ContainerManager started at ANUSHAs-MacBook-Air.local/10.151.3.164:55402
2019-02-21 14:00:42,891 INFO org.apache.hadoop.yarn.server.nodemanager.containermanager.ContainerManagerImpl: ContainerManager bound to 0.0.0.0/0.0.0.0:0
2019-02-21 14:00:42,893 INFO org.apache.hadoop.yarn.server.nodemanager.webapp.WebServer: Instantiating NMWebApp at 0.0.0.0:8042
2019-02-21 14:00:42,974 INFO org.mortbay.log: Logging to org.slf4j.impl.Log4jLoggerAdapter(org.mortbay.log) via org.mortbay.log.Slf4jLog
2019-02-21 14:00:42,982 INFO org.apache.hadoop.security.authentication.server.AuthenticationFilter: Unable to initialize FileSignerSecretProvider, falling back to use random secrets.
2019-02-21 14:00:42,987 INFO org.apache.hadoop.http.HttpRequestLog: Http request log for http.requests.nodemanager is not defined
2019-02-21 14:00:42,995 INFO org.apache.hadoop.http.HttpServer2: Added global filter 'safety' (class=org.apache.hadoop.http.HttpServer2$QuotingInputFilter)
2019-02-21 14:00:42,997 INFO org.apache.hadoop.http.HttpServer2: Added filter static_user_filter (class=org.apache.hadoop.http.lib.StaticUserWebFilter$StaticUserFilter) to context node
2019-02-21 14:00:42,997 INFO org.apache.hadoop.http.HttpServer2: Added filter static_user_filter (class=org.apache.hadoop.http.lib.StaticUserWebFilter$StaticUserFilter) to context logs
2019-02-21 14:00:42,997 INFO org.apache.hadoop.http.HttpServer2: Added filter static_user_filter (class=org.apache.hadoop.http.lib.StaticUserWebFilter$StaticUserFilter) to context static
2019-02-21 14:00:43,002 INFO org.apache.hadoop.http.HttpServer2: adding path spec: /node/*
2019-02-21 14:00:43,002 INFO org.apache.hadoop.http.HttpServer2: adding path spec: /ws/*
2019-02-21 14:00:43,355 INFO org.apache.hadoop.yarn.webapp.WebApps: Registered webapp guice modules
2019-02-21 14:00:43,361 INFO org.apache.hadoop.http.HttpServer2: Jetty bound to port 8042
2019-02-21 14:00:43,361 INFO org.mortbay.log: jetty-6.1.26
2019-02-21 14:00:43,398 INFO org.mortbay.log: Extract jar:file:/Users/anushamuppalla/hadoop-2.8.1/share/hadoop/yarn/hadoop-yarn-common-2.8.1.jar!/webapps/node to /var/folders/w5/msff5yg55hvgnrf5gxk_qk680000gn/T/Jetty_0_0_0_0_8042_node____19tj0x/webapp
2019-02-21 14:00:44,219 INFO org.mortbay.log: Started HttpServer2$SelectChannelConnectorWithSafeStartup@0.0.0.0:8042
2019-02-21 14:00:44,219 INFO org.apache.hadoop.yarn.webapp.WebApps: Web app node started at 8042
2019-02-21 14:00:44,219 INFO org.apache.hadoop.yarn.server.nodemanager.NodeStatusUpdaterImpl: Node ID assigned is : 10.151.3.164:55402
2019-02-21 14:00:44,228 INFO org.apache.hadoop.yarn.client.RMProxy: Connecting to ResourceManager at localhost/127.0.0.1:8031
2019-02-21 14:00:44,270 INFO org.apache.hadoop.yarn.server.nodemanager.NodeStatusUpdaterImpl: Sending out 0 NM container statuses: []
2019-02-21 14:00:44,277 INFO org.apache.hadoop.yarn.server.nodemanager.NodeStatusUpdaterImpl: Registering with RM using containers :[]
2019-02-21 14:00:44,576 INFO org.apache.hadoop.yarn.server.nodemanager.security.NMContainerTokenSecretManager: Rolling master-key for container-tokens, got key with id -1052178552
2019-02-21 14:00:44,582 INFO org.apache.hadoop.yarn.server.nodemanager.security.NMTokenSecretManagerInNM: Rolling master-key for container-tokens, got key with id -1366229341
2019-02-21 14:00:44,583 INFO org.apache.hadoop.yarn.server.nodemanager.NodeStatusUpdaterImpl: Registered with ResourceManager as 10.151.3.164:55402 with total resource of <memory:8192, vCores:8>
2019-02-21 14:00:44,583 INFO org.apache.hadoop.yarn.server.nodemanager.NodeStatusUpdaterImpl: Notifying ContainerManager to unblock new container-requests
2019-02-21 14:10:42,871 INFO org.apache.hadoop.yarn.server.nodemanager.containermanager.localizer.ResourceLocalizationService: Cache Size Before Clean: 0, Total Deleted: 0, Public Deleted: 0, Private Deleted: 0
2019-02-21 14:20:42,855 INFO org.apache.hadoop.yarn.server.nodemanager.containermanager.localizer.ResourceLocalizationService: Cache Size Before Clean: 0, Total Deleted: 0, Public Deleted: 0, Private Deleted: 0
2019-02-21 14:28:47,677 INFO org.apache.hadoop.util.JvmPauseMonitor: Detected pause in JVM or host machine (eg GC): pause of approximately 1111ms
No GCs detected
2019-02-21 14:31:53,834 INFO org.apache.hadoop.yarn.server.nodemanager.containermanager.localizer.ResourceLocalizationService: Cache Size Before Clean: 0, Total Deleted: 0, Public Deleted: 0, Private Deleted: 0
2019-02-21 14:32:58,414 INFO org.apache.hadoop.util.JvmPauseMonitor: Detected pause in JVM or host machine (eg GC): pause of approximately 1050ms
No GCs detected
2019-02-21 14:34:54,007 INFO org.apache.hadoop.util.JvmPauseMonitor: Detected pause in JVM or host machine (eg GC): pause of approximately 1079ms
No GCs detected
2019-02-21 14:38:33,082 INFO org.apache.hadoop.util.JvmPauseMonitor: Detected pause in JVM or host machine (eg GC): pause of approximately 1048ms
No GCs detected
2019-02-21 14:41:44,987 INFO org.apache.hadoop.util.JvmPauseMonitor: Detected pause in JVM or host machine (eg GC): pause of approximately 1140ms
No GCs detected
2019-02-21 14:49:05,319 INFO org.apache.hadoop.yarn.server.nodemanager.containermanager.localizer.ResourceLocalizationService: Cache Size Before Clean: 0, Total Deleted: 0, Public Deleted: 0, Private Deleted: 0
2019-02-21 14:59:05,338 INFO org.apache.hadoop.yarn.server.nodemanager.containermanager.localizer.ResourceLocalizationService: Cache Size Before Clean: 0, Total Deleted: 0, Public Deleted: 0, Private Deleted: 0
2019-02-21 15:09:05,351 INFO org.apache.hadoop.yarn.server.nodemanager.containermanager.localizer.ResourceLocalizationService: Cache Size Before Clean: 0, Total Deleted: 0, Public Deleted: 0, Private Deleted: 0
2019-02-21 15:12:10,419 INFO org.apache.hadoop.io.retry.RetryInvocationHandler: Exception while invoking ResourceTrackerPBClientImpl.nodeHeartbeat over null. Retrying after sleeping for 30000ms.
java.io.IOException: Failed on local exception: java.io.IOException: Connection reset by peer; Host Details : local host is: "ANUSHAs-Air.kc.umkc.edu/10.205.2.163"; destination host is: "localhost":8031; 
	at org.apache.hadoop.net.NetUtils.wrapException(NetUtils.java:782)
	at org.apache.hadoop.ipc.Client.getRpcResponse(Client.java:1485)
	at org.apache.hadoop.ipc.Client.call(Client.java:1427)
	at org.apache.hadoop.ipc.Client.call(Client.java:1337)
	at org.apache.hadoop.ipc.ProtobufRpcEngine$Invoker.invoke(ProtobufRpcEngine.java:227)
	at org.apache.hadoop.ipc.ProtobufRpcEngine$Invoker.invoke(ProtobufRpcEngine.java:116)
	at com.sun.proxy.$Proxy74.nodeHeartbeat(Unknown Source)
	at org.apache.hadoop.yarn.server.api.impl.pb.client.ResourceTrackerPBClientImpl.nodeHeartbeat(ResourceTrackerPBClientImpl.java:85)
	at jdk.internal.reflect.GeneratedMethodAccessor11.invoke(Unknown Source)
	at java.base/jdk.internal.reflect.DelegatingMethodAccessorImpl.invoke(DelegatingMethodAccessorImpl.java:43)
	at java.base/java.lang.reflect.Method.invoke(Method.java:566)
	at org.apache.hadoop.io.retry.RetryInvocationHandler.invokeMethod(RetryInvocationHandler.java:398)
	at org.apache.hadoop.io.retry.RetryInvocationHandler$Call.invokeMethod(RetryInvocationHandler.java:163)
	at org.apache.hadoop.io.retry.RetryInvocationHandler$Call.invoke(RetryInvocationHandler.java:155)
	at org.apache.hadoop.io.retry.RetryInvocationHandler$Call.invokeOnce(RetryInvocationHandler.java:95)
	at org.apache.hadoop.io.retry.RetryInvocationHandler.invoke(RetryInvocationHandler.java:335)
	at com.sun.proxy.$Proxy75.nodeHeartbeat(Unknown Source)
	at org.apache.hadoop.yarn.server.nodemanager.NodeStatusUpdaterImpl$1.run(NodeStatusUpdaterImpl.java:766)
	at java.base/java.lang.Thread.run(Thread.java:834)
Caused by: java.io.IOException: Connection reset by peer
	at java.base/sun.nio.ch.FileDispatcherImpl.read0(Native Method)
	at java.base/sun.nio.ch.SocketDispatcher.read(SocketDispatcher.java:39)
	at java.base/sun.nio.ch.IOUtil.readIntoNativeBuffer(IOUtil.java:276)
	at java.base/sun.nio.ch.IOUtil.read(IOUtil.java:245)
	at java.base/sun.nio.ch.IOUtil.read(IOUtil.java:223)
	at java.base/sun.nio.ch.SocketChannelImpl.read(SocketChannelImpl.java:358)
	at org.apache.hadoop.net.SocketInputStream$Reader.performIO(SocketInputStream.java:57)
	at org.apache.hadoop.net.SocketIOWithTimeout.doIO(SocketIOWithTimeout.java:142)
	at org.apache.hadoop.net.SocketInputStream.read(SocketInputStream.java:161)
	at org.apache.hadoop.net.SocketInputStream.read(SocketInputStream.java:131)
	at java.base/java.io.FilterInputStream.read(FilterInputStream.java:133)
	at java.base/java.io.BufferedInputStream.fill(BufferedInputStream.java:252)
	at java.base/java.io.BufferedInputStream.read(BufferedInputStream.java:271)
	at java.base/java.io.FilterInputStream.read(FilterInputStream.java:83)
	at java.base/java.io.FilterInputStream.read(FilterInputStream.java:83)
	at org.apache.hadoop.ipc.Client$Connection$PingInputStream.read(Client.java:553)
	at java.base/java.io.DataInputStream.readInt(DataInputStream.java:393)
	at org.apache.hadoop.ipc.Client$IpcStreams.readResponse(Client.java:1786)
	at org.apache.hadoop.ipc.Client$Connection.receiveRpcResponse(Client.java:1155)
	at org.apache.hadoop.ipc.Client$Connection.run(Client.java:1052)
